<?xml version="1.0" encoding="UTF-8"?>
<!-- Generated by org.testng.reporters.JUnitXMLReporter -->
<testsuite ignored="0" hostname="User" failures="0" tests="7" name="my tests" time="13.304" errors="0" timestamp="2024-08-13T12:14:20 BDT">
  <testcase classname="day42.OrangeHrmTest" name="openadd" time="7.051"/>
  <testcase classname="day42.OrangeHrmTest" name="testlogo" time="3.04"/>
  <testcase classname="day42.OrangeHrmTest" name="login" time="1.31"/>
  <testcase classname="day42.OrangeHrmTest" name="logout" time="1.86"/>
  <testcase classname="day42.FirstTestCase" name="openapp" time="0.001"/>
  <testcase classname="day42.FirstTestCase" name="login" time="0.002"/>
  <testcase classname="day42.FirstTestCase" name="logout" time="0.002"/>
</testsuite> <!-- my tests -->
