<?xml version="1.0" encoding="UTF-8"?>
<testng-results ignored="0" total="1" passed="1" failed="0" skipped="0">
  <reporter-output>
  </reporter-output>
  <suite started-at="2024-08-14T16:47:13 BDT" name="Default suite" finished-at="2024-08-14T16:47:23 BDT" duration-ms="10512">
    <groups>
    </groups>
    <test started-at="2024-08-14T16:47:13 BDT" name="Default test" finished-at="2024-08-14T16:47:23 BDT" duration-ms="10512">
      <class name="day47.LoginTest">
        <test-method is-config="true" signature="setup()[pri:0, instance:day47.LoginTest@5876a9af]" started-at="2024-08-14T16:47:13 BDT" name="setup" finished-at="2024-08-14T16:47:22 BDT" duration-ms="9610" status="PASS">
          <reporter-output>
          </reporter-output>
        </test-method> <!-- setup -->
        <test-method signature="login()[pri:0, instance:day47.LoginTest@5876a9af]" started-at="2024-08-14T16:47:22 BDT" name="login" finished-at="2024-08-14T16:47:23 BDT" duration-ms="681" status="PASS">
          <reporter-output>
          </reporter-output>
        </test-method> <!-- login -->
        <test-method is-config="true" signature="tearDown()[pri:0, instance:day47.LoginTest@5876a9af]" started-at="2024-08-14T16:47:23 BDT" name="tearDown" finished-at="2024-08-14T16:47:23 BDT" duration-ms="187" status="PASS">
          <reporter-output>
          </reporter-output>
        </test-method> <!-- tearDown -->
      </class> <!-- day47.LoginTest -->
    </test> <!-- Default test -->
  </suite> <!-- Default suite -->
</testng-results>
