<?xml version="1.0" encoding="UTF-8"?>
<!-- Generated by org.testng.reporters.JUnitXMLReporter -->
<testsuite ignored="2" hostname="User" failures="0" tests="6" name="groupingtest" time="0.058" errors="0" timestamp="2024-08-13T17:08:16 BDT">
  <testcase classname="day44.LoginTest" name="loginbyEmail" time="0.01"/>
  <testcase classname="day44.LoginTest" name="loginbyfacebook" time="0.003"/>
  <testcase classname="day44.LoginTest" name="loginbytwitter" time="0.002"/>
  <testcase classname="day44.SignUpTest" name="signupbyEmail" time="0.001"/>
  <testcase classname="day44.SignUpTest" name="signupbyfacebook" time="0.001"/>
  <testcase classname="day44.SignUpTest" name="signupbytwitter" time="0.001"/>
  <testcase classname="day44.PaymentTest" name="PaymentbyTk" time="0.0">
    <ignored/>
  </testcase> <!-- PaymentbyTk -->
  <testcase classname="day44.PaymentTest" name="PaymentbyDollar" time="0.0">
    <ignored/>
  </testcase> <!-- PaymentbyDollar -->
</testsuite> <!-- groupingtest -->
